<?xml version="1.0" encoding="UTF-8"?>
<!-- Generated by org.testng.reporters.JUnitReportReporter -->
<testsuite hostname="Jesus" failures="0" tests="1" name="com.loginPageTest.CaseListTest" time="30.760" errors="0" timestamp="2025-04-18T10:01:45 IST" skipped="0">
  <testcase classname="com.loginPageTest.CaseListTest" name="loginTest" time="30.760"/>
</testsuite> <!-- com.loginPageTest.CaseListTest -->
