<?xml version="1.0" encoding="UTF-8"?>
<!-- Generated by org.testng.reporters.JUnitReportReporter -->
<testsuite hostname="Jesus" failures="0" tests="6" name="com.loginPageTest.GetDifferentCaseNameTest2" time="238.385" errors="0" timestamp="2025-05-03T11:12:16 IST" skipped="0">
  <testcase classname="com.loginPageTest.GetDifferentCaseNameTest2" name="loginTest" time="47.279"/>
  <testcase classname="com.loginPageTest.GetDifferentCaseNameTest2" name="loginTest" time="50.438"/>
  <testcase classname="com.loginPageTest.GetDifferentCaseNameTest2" name="loginTest" time="44.118"/>
  <testcase classname="com.loginPageTest.GetDifferentCaseNameTest2" name="loginTest" time="44.234"/>
  <testcase classname="com.loginPageTest.GetDifferentCaseNameTest2" name="loginTest" time="44.894"/>
  <testcase classname="com.loginPageTest.GetDifferentCaseNameTest2" name="getTotalCaseFileName" time="7.422"/>
</testsuite> <!-- com.loginPageTest.GetDifferentCaseNameTest2 -->
